<?xml version="1.0" encoding="UTF-8"?>
<testng-results ignored="0" total="1" passed="1" failed="0" skipped="0">
  <reporter-output>
  </reporter-output>
  <suite started-at="2024-03-15T21:06:19 IST" name="Default suite" finished-at="2024-03-15T21:06:24 IST" duration-ms="4960">
    <groups>
    </groups>
    <test started-at="2024-03-15T21:06:19 IST" name="Default test" finished-at="2024-03-15T21:06:24 IST" duration-ms="4960">
      <class name="SampleProgram.SampleProgram">
        <test-method signature="run()[pri:0, instance:SampleProgram.SampleProgram@56cdfb3b]" started-at="2024-03-15T21:06:19 IST" name="run" finished-at="2024-03-15T21:06:24 IST" duration-ms="4902" status="PASS">
          <reporter-output>
          </reporter-output>
        </test-method> <!-- run -->
      </class> <!-- SampleProgram.SampleProgram -->
    </test> <!-- Default test -->
  </suite> <!-- Default suite -->
</testng-results>
